<?xml version="1.0" encoding="UTF-8"?>
<!-- Generated by org.testng.reporters.JUnitReportReporter -->
<testsuite skipped="0" hostname="LAPTOP-FEM2N9O3" name="Tests.SmokeTest" tests="1" failures="0" timestamp="13 Mar 2020 23:40:53 GMT" time="15.872" errors="0">
  <testcase name="searchingTest" time="15.872" classname="Tests.SmokeTest"/>
</testsuite> <!-- Tests.SmokeTest -->
